AndroidApp/build/intermediates/manifest_merge_blame_file/debug/processDebugMainManifest/manifest-merger-blame-debug-report.txt
1<?xml version="1.0" encoding="utf-8"?>
2<manifest xmlns:android="http://schemas.android.com/apk/res/android"
3    package="com.healthtracker.app"
4    android:versionCode="1"
5    android:versionName="1.0" >
6
7    <uses-sdk
8        android:minSdkVersion="26"
9        android:targetSdkVersion="34" />
10
11    <!-- Permissions -->
12    <uses-permission android:name="android.permission.INTERNET" />
12-->src/main/AndroidManifest.xml:6:5-67
12-->src/main/AndroidManifest.xml:6:22-64
13    <uses-permission android:name="android.permission.ACCESS_NETWORK_STATE" />
13-->src/main/AndroidManifest.xml:7:5-79
13-->src/main/AndroidManifest.xml:7:22-76
14    <uses-permission android:name="android.permission.CAMERA" />
14-->src/main/AndroidManifest.xml:8:5-65
14-->src/main/AndroidManifest.xml:8:22-62
15    <uses-permission android:name="android.permission.ACCESS_FINE_LOCATION" />
15-->src/main/AndroidManifest.xml:9:5-79
15-->src/main/AndroidManifest.xml:9:22-76
16    <uses-permission android:name="android.permission.ACCESS_COARSE_LOCATION" />
16-->src/main/AndroidManifest.xml:10:5-81
16-->src/main/AndroidManifest.xml:10:22-78
17    <uses-permission android:name="android.permission.ACTIVITY_RECOGNITION" />
17-->src/main/AndroidManifest.xml:11:5-79
17-->src/main/AndroidManifest.xml:11:22-76
18    <uses-permission android:name="android.permission.BODY_SENSORS" />
18-->src/main/AndroidManifest.xml:12:5-71
18-->src/main/AndroidManifest.xml:12:22-68
19    <uses-permission android:name="android.permission.POST_NOTIFICATIONS" />
19-->src/main/AndroidManifest.xml:13:5-77
19-->src/main/AndroidManifest.xml:13:22-74
20    <uses-permission android:name="android.permission.VIBRATE" />
20-->src/main/AndroidManifest.xml:14:5-66
20-->src/main/AndroidManifest.xml:14:22-63
21    <uses-permission android:name="android.permission.RECEIVE_BOOT_COMPLETED" />
21-->src/main/AndroidManifest.xml:15:5-81
21-->src/main/AndroidManifest.xml:15:22-78
22    <uses-permission android:name="android.permission.SCHEDULE_EXACT_ALARM" />
22-->src/main/AndroidManifest.xml:16:5-79
22-->src/main/AndroidManifest.xml:16:22-76
23    <uses-permission android:name="android.permission.FOREGROUND_SERVICE" />
23-->src/main/AndroidManifest.xml:17:5-77
23-->src/main/AndroidManifest.xml:17:22-74
24    <uses-permission android:name="android.permission.FOREGROUND_SERVICE_HEALTH" />
24-->src/main/AndroidManifest.xml:18:5-84
24-->src/main/AndroidManifest.xml:18:22-81
25    <uses-permission android:name="android.permission.FOREGROUND_SERVICE_LOCATION" />
25-->src/main/AndroidManifest.xml:19:5-86
25-->src/main/AndroidManifest.xml:19:22-83
26    <uses-permission android:name="android.permission.FOREGROUND_SERVICE_SPECIAL_USE" />
26-->src/main/AndroidManifest.xml:20:5-89
26-->src/main/AndroidManifest.xml:20:22-86
27
28    <!-- Hardware Features -->
29    <uses-feature
29-->src/main/AndroidManifest.xml:23:5-97
30        android:name="android.hardware.sensor.stepcounter"
30-->src/main/AndroidManifest.xml:23:19-69
31        android:required="false" />
31-->src/main/AndroidManifest.xml:23:70-94
32    <uses-feature
32-->src/main/AndroidManifest.xml:24:5-95
33        android:name="android.hardware.sensor.heartrate"
33-->src/main/AndroidManifest.xml:24:19-67
34        android:required="false" />
34-->src/main/AndroidManifest.xml:24:68-92
35    <uses-feature
35-->src/main/AndroidManifest.xml:25:5-85
36        android:name="android.hardware.camera"
36-->src/main/AndroidManifest.xml:25:19-57
37        android:required="false" />
37-->src/main/AndroidManifest.xml:25:58-82
38    <uses-feature
38-->src/main/AndroidManifest.xml:26:5-91
39        android:name="android.hardware.location.gps"
39-->src/main/AndroidManifest.xml:26:19-63
40        android:required="false" />
40-->src/main/AndroidManifest.xml:26:64-88
41
42    <queries>
42-->[androidx.camera:camera-extensions:1.3.1] AndroidManifest.xml:22:5-26:15
43        <intent>
43-->[androidx.camera:camera-extensions:1.3.1] AndroidManifest.xml:23:9-25:18
44            <action android:name="androidx.camera.extensions.action.VENDOR_ACTION" />
44-->[androidx.camera:camera-extensions:1.3.1] AndroidManifest.xml:24:13-86
44-->[androidx.camera:camera-extensions:1.3.1] AndroidManifest.xml:24:21-83
45        </intent>
46
47        <package android:name="com.facebook.katana" />
47-->[com.facebook.android:facebook-common:16.3.0] AndroidManifest.xml:18:9-55
47-->[com.facebook.android:facebook-common:16.3.0] AndroidManifest.xml:18:18-52
48    </queries>
49
50    <uses-permission android:name="com.google.android.gms.permission.AD_ID" />
50-->[com.facebook.android:facebook-core:16.3.0] AndroidManifest.xml:16:5-79
50-->[com.facebook.android:facebook-core:16.3.0] AndroidManifest.xml:16:22-76
51
52    <permission
52-->[androidx.core:core:1.12.0] AndroidManifest.xml:22:5-24:47
53        android:name="com.healthtracker.app.DYNAMIC_RECEIVER_NOT_EXPORTED_PERMISSION"
53-->[androidx.core:core:1.12.0] AndroidManifest.xml:23:9-81
54        android:protectionLevel="signature" />
54-->[androidx.core:core:1.12.0] AndroidManifest.xml:24:9-44
55
56    <uses-permission android:name="com.healthtracker.app.DYNAMIC_RECEIVER_NOT_EXPORTED_PERMISSION" />
56-->[androidx.core:core:1.12.0] AndroidManifest.xml:26:5-97
56-->[androidx.core:core:1.12.0] AndroidManifest.xml:26:22-94
57    <uses-permission android:name="com.google.android.finsky.permission.BIND_GET_INSTALL_REFERRER_SERVICE" />
57-->[com.android.installreferrer:installreferrer:1.0] AndroidManifest.xml:9:5-110
57-->[com.android.installreferrer:installreferrer:1.0] AndroidManifest.xml:9:22-107
58
59    <application
59-->src/main/AndroidManifest.xml:28:5-183:19
60        android:name="com.healthtracker.app.HealthTrackerApp"
60-->src/main/AndroidManifest.xml:29:9-41
61        android:allowBackup="true"
61-->src/main/AndroidManifest.xml:30:9-35
62        android:appComponentFactory="androidx.core.app.CoreComponentFactory"
62-->[androidx.core:core:1.12.0] AndroidManifest.xml:28:18-86
63        android:dataExtractionRules="@xml/data_extraction_rules"
63-->src/main/AndroidManifest.xml:31:9-65
64        android:debuggable="true"
65        android:extractNativeLibs="false"
66        android:fullBackupContent="@xml/backup_rules"
66-->src/main/AndroidManifest.xml:32:9-54
67        android:icon="@mipmap/ic_launcher"
67-->src/main/AndroidManifest.xml:33:9-43
68        android:label="@string/app_name"
68-->src/main/AndroidManifest.xml:34:9-41
69        android:networkSecurityConfig="@xml/network_security_config"
69-->src/main/AndroidManifest.xml:38:9-69
70        android:roundIcon="@mipmap/ic_launcher_round"
70-->src/main/AndroidManifest.xml:35:9-54
71        android:supportsRtl="true"
71-->src/main/AndroidManifest.xml:36:9-35
72        android:theme="@style/Theme.HealthTracker" >
72-->src/main/AndroidManifest.xml:37:9-51
73
74        <!-- Splash Screen -->
75        <activity
75-->src/main/AndroidManifest.xml:42:9-50:20
76            android:name="com.healthtracker.app.ui.splash.SplashActivity"
76-->src/main/AndroidManifest.xml:43:13-53
77            android:exported="true"
77-->src/main/AndroidManifest.xml:44:13-36
78            android:theme="@style/Theme.HealthTracker.Splash" >
78-->src/main/AndroidManifest.xml:45:13-62
79            <intent-filter>
79-->src/main/AndroidManifest.xml:46:13-49:29
80                <action android:name="android.intent.action.MAIN" />
80-->src/main/AndroidManifest.xml:47:17-69
80-->src/main/AndroidManifest.xml:47:25-66
81
82                <category android:name="android.intent.category.LAUNCHER" />
82-->src/main/AndroidManifest.xml:48:17-77
82-->src/main/AndroidManifest.xml:48:27-74
83            </intent-filter>
84        </activity>
85
86        <!-- Auth Activities -->
87        <activity
87-->src/main/AndroidManifest.xml:53:9-56:58
88            android:name="com.healthtracker.app.ui.auth.LoginActivity"
88-->src/main/AndroidManifest.xml:54:13-50
89            android:exported="false"
89-->src/main/AndroidManifest.xml:55:13-37
90            android:theme="@style/Theme.HealthTracker" />
90-->src/main/AndroidManifest.xml:56:13-55
91        <activity
91-->src/main/AndroidManifest.xml:58:9-61:58
92            android:name="com.healthtracker.app.ui.auth.SignUpActivity"
92-->src/main/AndroidManifest.xml:59:13-51
93            android:exported="false"
93-->src/main/AndroidManifest.xml:60:13-37
94            android:theme="@style/Theme.HealthTracker" />
94-->src/main/AndroidManifest.xml:61:13-55
95
96        <!-- Main Dashboard -->
97        <activity
97-->src/main/AndroidManifest.xml:64:9-67:58
98            android:name="com.healthtracker.app.ui.dashboard.DashboardActivity"
98-->src/main/AndroidManifest.xml:65:13-59
99            android:exported="false"
99-->src/main/AndroidManifest.xml:66:13-37
100            android:theme="@style/Theme.HealthTracker" />
100-->src/main/AndroidManifest.xml:67:13-55
101
102        <!-- Profile Setup -->
103        <activity
103-->src/main/AndroidManifest.xml:70:9-73:58
104            android:name="com.healthtracker.app.ui.profile.ProfileSetupActivity"
104-->src/main/AndroidManifest.xml:71:13-60
105            android:exported="false"
105-->src/main/AndroidManifest.xml:72:13-37
106            android:theme="@style/Theme.HealthTracker" />
106-->src/main/AndroidManifest.xml:73:13-55
107
108        <!-- Profile -->
109        <activity
109-->src/main/AndroidManifest.xml:76:9-79:58
110            android:name="com.healthtracker.app.ui.profile.ProfileActivity"
110-->src/main/AndroidManifest.xml:77:13-55
111            android:exported="false"
111-->src/main/AndroidManifest.xml:78:13-37
112            android:theme="@style/Theme.HealthTracker" />
112-->src/main/AndroidManifest.xml:79:13-55
113
114        <!-- Medical ID -->
115        <activity
115-->src/main/AndroidManifest.xml:82:9-85:58
116            android:name="com.healthtracker.app.ui.profile.MedicalIdActivity"
116-->src/main/AndroidManifest.xml:83:13-57
117            android:exported="false"
117-->src/main/AndroidManifest.xml:84:13-37
118            android:theme="@style/Theme.HealthTracker" />
118-->src/main/AndroidManifest.xml:85:13-55
119
120        <!-- Settings -->
121        <activity
121-->src/main/AndroidManifest.xml:88:9-91:58
122            android:name="com.healthtracker.app.ui.profile.SettingsActivity"
122-->src/main/AndroidManifest.xml:89:13-56
123            android:exported="false"
123-->src/main/AndroidManifest.xml:90:13-37
124            android:theme="@style/Theme.HealthTracker" />
124-->src/main/AndroidManifest.xml:91:13-55
125
126        <!-- Facebook Login -->
127        <meta-data
127-->src/main/AndroidManifest.xml:94:9-96:55
128            android:name="com.facebook.sdk.ApplicationId"
128-->src/main/AndroidManifest.xml:95:13-58
129            android:value="@string/facebook_app_id" />
129-->src/main/AndroidManifest.xml:96:13-52
130        <meta-data
130-->src/main/AndroidManifest.xml:97:9-99:61
131            android:name="com.facebook.sdk.ClientToken"
131-->src/main/AndroidManifest.xml:98:13-56
132            android:value="@string/facebook_client_token" />
132-->src/main/AndroidManifest.xml:99:13-58
133
134        <activity
134-->src/main/AndroidManifest.xml:101:9-104:48
135            android:name="com.facebook.FacebookActivity"
135-->src/main/AndroidManifest.xml:102:13-57
136            android:configChanges="keyboard|keyboardHidden|screenLayout|screenSize|orientation"
136-->src/main/AndroidManifest.xml:103:13-96
137            android:label="@string/app_name"
137-->src/main/AndroidManifest.xml:104:13-45
138            android:theme="@style/com_facebook_activity_theme" />
138-->[com.facebook.android:facebook-common:16.3.0] AndroidManifest.xml:25:13-63
139
140        <!-- Boot Receiver for Medication Reminders -->
141        <receiver
141-->src/main/AndroidManifest.xml:107:9-113:20
142            android:name="com.healthtracker.app.receivers.BootReceiver"
142-->src/main/AndroidManifest.xml:108:13-51
143            android:exported="false" >
143-->src/main/AndroidManifest.xml:109:13-37
144            <intent-filter>
144-->src/main/AndroidManifest.xml:110:13-112:29
145                <action android:name="android.intent.action.BOOT_COMPLETED" />
145-->src/main/AndroidManifest.xml:111:17-79
145-->src/main/AndroidManifest.xml:111:25-76
146            </intent-filter>
147        </receiver>
148
149        <!-- Medication Reminder Receiver -->
150        <receiver
150-->src/main/AndroidManifest.xml:116:9-118:40
151            android:name="com.healthtracker.app.receivers.MedicationReminderReceiver"
151-->src/main/AndroidManifest.xml:117:13-65
152            android:exported="false" />
152-->src/main/AndroidManifest.xml:118:13-37
153
154        <!-- Step Counter Service -->
155        <service
155-->src/main/AndroidManifest.xml:121:9-128:19
156            android:name="com.healthtracker.app.services.StepCounterService"
156-->src/main/AndroidManifest.xml:122:13-56
157            android:exported="false"
157-->src/main/AndroidManifest.xml:123:13-37
158            android:foregroundServiceType="specialUse" >
158-->src/main/AndroidManifest.xml:124:13-55
159            <property
159-->src/main/AndroidManifest.xml:125:13-127:49
160                android:name="android.app.PROPERTY_SPECIAL_USE_FGS_SUBTYPE"
160-->src/main/AndroidManifest.xml:126:17-76
161                android:value="step_counting" />
161-->src/main/AndroidManifest.xml:127:17-46
162        </service>
163
164        <!-- Emergency SOS Service -->
165        <service
165-->src/main/AndroidManifest.xml:131:9-134:56
166            android:name="com.healthtracker.app.services.EmergencySOSService"
166-->src/main/AndroidManifest.xml:132:13-57
167            android:exported="false"
167-->src/main/AndroidManifest.xml:133:13-37
168            android:foregroundServiceType="location" />
168-->src/main/AndroidManifest.xml:134:13-53
169
170        <!-- Sleep Analysis -->
171        <activity
171-->src/main/AndroidManifest.xml:137:9-140:58
172            android:name="com.healthtracker.app.ui.sleep.SleepAnalysisActivity"
172-->src/main/AndroidManifest.xml:138:13-59
173            android:exported="false"
173-->src/main/AndroidManifest.xml:139:13-37
174            android:theme="@style/Theme.HealthTracker" />
174-->src/main/AndroidManifest.xml:140:13-55
175
176        <!-- Tools Hub -->
177        <activity
177-->src/main/AndroidManifest.xml:143:9-146:58
178            android:name="com.healthtracker.app.ui.tools.ToolsActivity"
178-->src/main/AndroidManifest.xml:144:13-51
179            android:exported="false"
179-->src/main/AndroidManifest.xml:145:13-37
180            android:theme="@style/Theme.HealthTracker" />
180-->src/main/AndroidManifest.xml:146:13-55
181
182        <!-- Document Vault -->
183        <activity
183-->src/main/AndroidManifest.xml:149:9-152:58
184            android:name="com.healthtracker.app.ui.documents.DocumentVaultActivity"
184-->src/main/AndroidManifest.xml:150:13-63
185            android:exported="false"
185-->src/main/AndroidManifest.xml:151:13-37
186            android:theme="@style/Theme.HealthTracker" />
186-->src/main/AndroidManifest.xml:152:13-55
187
188        <!-- Food Logger -->
189        <activity
189-->src/main/AndroidManifest.xml:155:9-158:58
190            android:name="com.healthtracker.app.ui.food.FoodLoggerActivity"
190-->src/main/AndroidManifest.xml:156:13-55
191            android:exported="false"
191-->src/main/AndroidManifest.xml:157:13-37
192            android:theme="@style/Theme.HealthTracker" />
192-->src/main/AndroidManifest.xml:158:13-55
193
194        <!-- Symptom Checker -->
195        <activity
195-->src/main/AndroidManifest.xml:161:9-164:58
196            android:name="com.healthtracker.app.ui.symptoms.SymptomCheckerActivity"
196-->src/main/AndroidManifest.xml:162:13-63
197            android:exported="false"
197-->src/main/AndroidManifest.xml:163:13-37
198            android:theme="@style/Theme.HealthTracker" />
198-->src/main/AndroidManifest.xml:164:13-55
199
200        <!-- Medications -->
201        <activity
201-->src/main/AndroidManifest.xml:167:9-170:58
202            android:name="com.healthtracker.app.ui.medications.MedicationsActivity"
202-->src/main/AndroidManifest.xml:168:13-63
203            android:exported="false"
203-->src/main/AndroidManifest.xml:169:13-37
204            android:theme="@style/Theme.HealthTracker" />
204-->src/main/AndroidManifest.xml:170:13-55
205
206        <!-- Trends -->
207        <activity
207-->src/main/AndroidManifest.xml:173:9-176:58
208            android:name="com.healthtracker.app.ui.trends.TrendsActivity"
208-->src/main/AndroidManifest.xml:174:13-53
209            android:exported="false"
209-->src/main/AndroidManifest.xml:175:13-37
210            android:theme="@style/Theme.HealthTracker" />
210-->src/main/AndroidManifest.xml:176:13-55
211
212        <!-- Medication Action Receiver -->
213        <receiver
213-->src/main/AndroidManifest.xml:179:9-181:40
214            android:name="com.healthtracker.app.receivers.MedicationActionReceiver"
214-->src/main/AndroidManifest.xml:180:13-63
215            android:exported="false" />
215-->src/main/AndroidManifest.xml:181:13-37
216
217        <uses-library
217-->[androidx.camera:camera-extensions:1.3.1] AndroidManifest.xml:29:9-31:40
218            android:name="androidx.camera.extensions.impl"
218-->[androidx.camera:camera-extensions:1.3.1] AndroidManifest.xml:30:13-59
219            android:required="false" />
219-->[androidx.camera:camera-extensions:1.3.1] AndroidManifest.xml:31:13-37
220
221        <service
221-->[androidx.camera:camera-camera2:1.3.1] AndroidManifest.xml:24:9-33:19
222            android:name="androidx.camera.core.impl.MetadataHolderService"
222-->[androidx.camera:camera-camera2:1.3.1] AndroidManifest.xml:25:13-75
223            android:enabled="false"
223-->[androidx.camera:camera-camera2:1.3.1] AndroidManifest.xml:26:13-36
224            android:exported="false" >
224-->[androidx.camera:camera-camera2:1.3.1] AndroidManifest.xml:27:13-37
225            <meta-data
225-->[androidx.camera:camera-camera2:1.3.1] AndroidManifest.xml:30:13-32:89
226                android:name="androidx.camera.core.impl.MetadataHolderService.DEFAULT_CONFIG_PROVIDER"
226-->[androidx.camera:camera-camera2:1.3.1] AndroidManifest.xml:31:17-103
227                android:value="androidx.camera.camera2.Camera2Config$DefaultProvider" />
227-->[androidx.camera:camera-camera2:1.3.1] AndroidManifest.xml:32:17-86
228        </service>
229
230        <activity android:name="com.facebook.CustomTabMainActivity" />
230-->[com.facebook.android:facebook-common:16.3.0] AndroidManifest.xml:26:9-71
230-->[com.facebook.android:facebook-common:16.3.0] AndroidManifest.xml:26:19-68
231        <activity
231-->[com.facebook.android:facebook-common:16.3.0] AndroidManifest.xml:27:9-41:20
232            android:name="com.facebook.CustomTabActivity"
232-->[com.facebook.android:facebook-common:16.3.0] AndroidManifest.xml:28:13-58
233            android:exported="true" >
233-->[com.facebook.android:facebook-common:16.3.0] AndroidManifest.xml:29:13-36
234            <intent-filter>
234-->[com.facebook.android:facebook-common:16.3.0] AndroidManifest.xml:31:13-40:29
235                <action android:name="android.intent.action.VIEW" />
235-->[com.facebook.android:facebook-common:16.3.0] AndroidManifest.xml:32:17-69
235-->[com.facebook.android:facebook-common:16.3.0] AndroidManifest.xml:32:25-66
236
237                <category android:name="android.intent.category.DEFAULT" />
237-->[com.facebook.android:facebook-common:16.3.0] AndroidManifest.xml:34:17-76
237-->[com.facebook.android:facebook-common:16.3.0] AndroidManifest.xml:34:27-73
238                <category android:name="android.intent.category.BROWSABLE" />
238-->[com.facebook.android:facebook-common:16.3.0] AndroidManifest.xml:35:17-78
238-->[com.facebook.android:facebook-common:16.3.0] AndroidManifest.xml:35:27-75
239
240                <data
240-->[com.facebook.android:facebook-common:16.3.0] AndroidManifest.xml:37:17-39:50
241                    android:host="cct.com.healthtracker.app"
241-->[com.facebook.android:facebook-common:16.3.0] AndroidManifest.xml:38:21-56
242                    android:scheme="fbconnect" />
242-->[com.facebook.android:facebook-common:16.3.0] AndroidManifest.xml:39:21-47
243            </intent-filter>
244        </activity>
245        <activity
245-->[com.google.android.gms:play-services-auth:20.7.0] AndroidManifest.xml:23:9-27:75
246            android:name="com.google.android.gms.auth.api.signin.internal.SignInHubActivity"
246-->[com.google.android.gms:play-services-auth:20.7.0] AndroidManifest.xml:24:13-93
247            android:excludeFromRecents="true"
247-->[com.google.android.gms:play-services-auth:20.7.0] AndroidManifest.xml:25:13-46
248            android:exported="false"
248-->[com.google.android.gms:play-services-auth:20.7.0] AndroidManifest.xml:26:13-37
249            android:theme="@android:style/Theme.Translucent.NoTitleBar" />
249-->[com.google.android.gms:play-services-auth:20.7.0] AndroidManifest.xml:27:13-72
250        <!--
251            Service handling Google Sign-In user revocation. For apps that do not integrate with
252            Google Sign-In, this service will never be started.
253        -->
254        <service
254-->[com.google.android.gms:play-services-auth:20.7.0] AndroidManifest.xml:33:9-37:51
255            android:name="com.google.android.gms.auth.api.signin.RevocationBoundService"
255-->[com.google.android.gms:play-services-auth:20.7.0] AndroidManifest.xml:34:13-89
256            android:exported="true"
256-->[com.google.android.gms:play-services-auth:20.7.0] AndroidManifest.xml:35:13-36
257            android:permission="com.google.android.gms.auth.api.signin.permission.REVOCATION_NOTIFICATION"
257-->[com.google.android.gms:play-services-auth:20.7.0] AndroidManifest.xml:36:13-107
258            android:visibleToInstantApps="true" />
258-->[com.google.android.gms:play-services-auth:20.7.0] AndroidManifest.xml:37:13-48
259        <service
259-->[com.google.firebase:firebase-auth-ktx:22.3.0] AndroidManifest.xml:8:9-14:19
260            android:name="com.google.firebase.components.ComponentDiscoveryService"
260-->[com.google.firebase:firebase-auth-ktx:22.3.0] AndroidManifest.xml:9:13-84
261            android:directBootAware="true"
261-->[com.google.firebase:firebase-common:20.4.2] AndroidManifest.xml:32:13-43
262            android:exported="false" >
262-->[com.google.firebase:firebase-auth-ktx:22.3.0] AndroidManifest.xml:10:13-37
263            <meta-data
263-->[com.google.firebase:firebase-auth-ktx:22.3.0] AndroidManifest.xml:11:13-13:85
264                android:name="com.google.firebase.components:com.google.firebase.auth.ktx.FirebaseAuthLegacyRegistrar"
264-->[com.google.firebase:firebase-auth-ktx:22.3.0] AndroidManifest.xml:12:17-119
265                android:value="com.google.firebase.components.ComponentRegistrar" />
265-->[com.google.firebase:firebase-auth-ktx:22.3.0] AndroidManifest.xml:13:17-82
266            <meta-data
266-->[com.google.firebase:firebase-auth:22.3.0] AndroidManifest.xml:69:13-71:85
267                android:name="com.google.firebase.components:com.google.firebase.auth.FirebaseAuthRegistrar"
267-->[com.google.firebase:firebase-auth:22.3.0] AndroidManifest.xml:70:17-109
268                android:value="com.google.firebase.components.ComponentRegistrar" />
268-->[com.google.firebase:firebase-auth:22.3.0] AndroidManifest.xml:71:17-82
269            <meta-data
269-->[com.google.firebase:firebase-storage-ktx:20.3.0] AndroidManifest.xml:12:13-14:85
270                android:name="com.google.firebase.components:com.google.firebase.storage.ktx.FirebaseStorageLegacyRegistrar"
270-->[com.google.firebase:firebase-storage-ktx:20.3.0] AndroidManifest.xml:13:17-125
271                android:value="com.google.firebase.components.ComponentRegistrar" />
271-->[com.google.firebase:firebase-storage-ktx:20.3.0] AndroidManifest.xml:14:17-82
272            <meta-data
272-->[com.google.firebase:firebase-storage:20.3.0] AndroidManifest.xml:30:13-32:85
273                android:name="com.google.firebase.components:com.google.firebase.storage.FirebaseStorageKtxRegistrar"
273-->[com.google.firebase:firebase-storage:20.3.0] AndroidManifest.xml:31:17-118
274                android:value="com.google.firebase.components.ComponentRegistrar" />
274-->[com.google.firebase:firebase-storage:20.3.0] AndroidManifest.xml:32:17-82
275            <meta-data
275-->[com.google.firebase:firebase-storage:20.3.0] AndroidManifest.xml:33:13-35:85
276                android:name="com.google.firebase.components:com.google.firebase.storage.StorageRegistrar"
276-->[com.google.firebase:firebase-storage:20.3.0] AndroidManifest.xml:34:17-107
277                android:value="com.google.firebase.components.ComponentRegistrar" />
277-->[com.google.firebase:firebase-storage:20.3.0] AndroidManifest.xml:35:17-82
278            <meta-data
278-->[com.google.firebase:firebase-firestore-ktx:24.10.0] AndroidManifest.xml:12:13-14:85
279                android:name="com.google.firebase.components:com.google.firebase.firestore.ktx.FirebaseFirestoreLegacyRegistrar"
279-->[com.google.firebase:firebase-firestore-ktx:24.10.0] AndroidManifest.xml:13:17-129
280                android:value="com.google.firebase.components.ComponentRegistrar" />
280-->[com.google.firebase:firebase-firestore-ktx:24.10.0] AndroidManifest.xml:14:17-82
281            <meta-data
281-->[com.google.firebase:firebase-firestore:24.10.0] AndroidManifest.xml:17:13-19:85
282                android:name="com.google.firebase.components:com.google.firebase.firestore.FirebaseFirestoreKtxRegistrar"
282-->[com.google.firebase:firebase-firestore:24.10.0] AndroidManifest.xml:18:17-122
283                android:value="com.google.firebase.components.ComponentRegistrar" />
283-->[com.google.firebase:firebase-firestore:24.10.0] AndroidManifest.xml:19:17-82
284            <meta-data
284-->[com.google.firebase:firebase-firestore:24.10.0] AndroidManifest.xml:20:13-22:85
285                android:name="com.google.firebase.components:com.google.firebase.firestore.FirestoreRegistrar"
285-->[com.google.firebase:firebase-firestore:24.10.0] AndroidManifest.xml:21:17-111
286                android:value="com.google.firebase.components.ComponentRegistrar" />
286-->[com.google.firebase:firebase-firestore:24.10.0] AndroidManifest.xml:22:17-82
287            <meta-data
287-->[com.google.firebase:firebase-appcheck:17.1.1] AndroidManifest.xml:25:13-27:85
288                android:name="com.google.firebase.components:com.google.firebase.appcheck.FirebaseAppCheckKtxRegistrar"
288-->[com.google.firebase:firebase-appcheck:17.1.1] AndroidManifest.xml:26:17-120
289                android:value="com.google.firebase.components.ComponentRegistrar" />
289-->[com.google.firebase:firebase-appcheck:17.1.1] AndroidManifest.xml:27:17-82
290            <meta-data
290-->[com.google.firebase:firebase-appcheck:17.1.1] AndroidManifest.xml:28:13-30:85
291                android:name="com.google.firebase.components:com.google.firebase.appcheck.FirebaseAppCheckRegistrar"
291-->[com.google.firebase:firebase-appcheck:17.1.1] AndroidManifest.xml:29:17-117
292                android:value="com.google.firebase.components.ComponentRegistrar" />
292-->[com.google.firebase:firebase-appcheck:17.1.1] AndroidManifest.xml:30:17-82
293            <meta-data
293-->[com.google.firebase:firebase-common-ktx:20.4.2] AndroidManifest.xml:12:13-14:85
294                android:name="com.google.firebase.components:com.google.firebase.ktx.FirebaseCommonLegacyRegistrar"
294-->[com.google.firebase:firebase-common-ktx:20.4.2] AndroidManifest.xml:13:17-116
295                android:value="com.google.firebase.components.ComponentRegistrar" />
295-->[com.google.firebase:firebase-common-ktx:20.4.2] AndroidManifest.xml:14:17-82
296            <meta-data
296-->[com.google.firebase:firebase-common:20.4.2] AndroidManifest.xml:35:13-37:85
297                android:name="com.google.firebase.components:com.google.firebase.FirebaseCommonKtxRegistrar"
297-->[com.google.firebase:firebase-common:20.4.2] AndroidManifest.xml:36:17-109
298                android:value="com.google.firebase.components.ComponentRegistrar" />
298-->[com.google.firebase:firebase-common:20.4.2] AndroidManifest.xml:37:17-82
299        </service>
300
301        <activity
301-->[com.google.firebase:firebase-auth:22.3.0] AndroidManifest.xml:29:9-46:20
302            android:name="com.google.firebase.auth.internal.GenericIdpActivity"
302-->[com.google.firebase:firebase-auth:22.3.0] AndroidManifest.xml:30:13-80
303            android:excludeFromRecents="true"
303-->[com.google.firebase:firebase-auth:22.3.0] AndroidManifest.xml:31:13-46
304            android:exported="true"
304-->[com.google.firebase:firebase-auth:22.3.0] AndroidManifest.xml:32:13-36
305            android:launchMode="singleTask"
305-->[com.google.firebase:firebase-auth:22.3.0] AndroidManifest.xml:33:13-44
306            android:theme="@android:style/Theme.Translucent.NoTitleBar" >
306-->[com.google.firebase:firebase-auth:22.3.0] AndroidManifest.xml:34:13-72
307            <intent-filter>
307-->[com.google.firebase:firebase-auth:22.3.0] AndroidManifest.xml:35:13-45:29
308                <action android:name="android.intent.action.VIEW" />
308-->[com.facebook.android:facebook-common:16.3.0] AndroidManifest.xml:32:17-69
308-->[com.facebook.android:facebook-common:16.3.0] AndroidManifest.xml:32:25-66
309
310                <category android:name="android.intent.category.DEFAULT" />
310-->[com.facebook.android:facebook-common:16.3.0] AndroidManifest.xml:34:17-76
310-->[com.facebook.android:facebook-common:16.3.0] AndroidManifest.xml:34:27-73
311                <category android:name="android.intent.category.BROWSABLE" />
311-->[com.facebook.android:facebook-common:16.3.0] AndroidManifest.xml:35:17-78